P:\HOSTAPP\HOSTAPP\RELEASE\HOSTAPP.PCH
P:\HOSTAPP\HOSTAPP\RELEASE\STDAFX.OBJ
P:\HOSTAPP\HOSTAPP\RELEASE\VC110.PDB
P:\HOSTAPP\HOSTAPP\RELEASE\HOSTAPP.OBJ
P:\LIMETEDNUMBAPP\RELEASE\HOSTAPP.EXE
P:\LIMETEDNUMBAPP\RELEASE\HOSTAPP.PDB
P:\HOSTAPP\HOSTAPP\RELEASE\HOSTAPP.RES
P:\HostApp\HostApp\Release\HostApp.vcxprojResolveAssemblyReference.cache
P:\HostApp\HostApp\Release\HostApp.obj
P:\HostApp\HostApp\Release\stdafx.obj
P:\HostApp\HostApp\Release\cl.command.1.tlog
P:\HostApp\HostApp\Release\CL.read.1.tlog
P:\HostApp\HostApp\Release\CL.write.1.tlog
P:\HostApp\HostApp\Release\link-cvtres.read.1.tlog
P:\HostApp\HostApp\Release\link-cvtres.write.1.tlog
P:\HostApp\HostApp\Release\link-rc.read.1.tlog
P:\HostApp\HostApp\Release\link-rc.write.1.tlog
P:\HostApp\HostApp\Release\link.command.1.tlog
P:\HostApp\HostApp\Release\link.read.1.tlog
P:\HostApp\HostApp\Release\link.write.1.tlog
P:\HostApp\HostApp\Release\rc.command.1.tlog
P:\HostApp\HostApp\Release\rc.read.1.tlog
P:\HostApp\HostApp\Release\rc.write.1.tlog
P:\HostApp\HostApp\Release\HostApp.res
P:\HostApp\HostApp\Release\HostApp.pch
P:\HostApp\HostApp\Release\vc110.pdb
P:\limetednumbapp\Release\HostApp.pdb
P:\limetednumbapp\Release\HostApp.exe
