Build started 27.11.2016 20:45:39.
Project "P:\HostApp\HostApp\HostApp.vcxproj" on node 2 (Build target(s)).
ClCompile:
  C:\Program Files (x86)\Microsoft Visual Studio 11.0\VC\bin\CL.exe /c /ZI /nologo /W3 /WX- /sdl /Od /Oy- /D WIN32 /D _DEBUG /D _WINDOWS /D _UNICODE /D UNICODE /Gm /EHsc /RTC1 /MDd /GS /fp:precise /Zc:wchar_t /Zc:forScope /Yc"stdafx.h" /Fp"Debug\HostApp.pch" /Fo"Debug\\" /Fd"Debug\vc110.pdb" /Gd /TP /analyze- /errorReport:prompt stdafx.cpp
  stdafx.cpp
  C:\Program Files (x86)\Microsoft Visual Studio 11.0\VC\bin\CL.exe /c /ZI /nologo /W3 /WX- /sdl /Od /Oy- /D WIN32 /D _DEBUG /D _WINDOWS /D _UNICODE /D UNICODE /Gm /EHsc /RTC1 /MDd /GS /fp:precise /Zc:wchar_t /Zc:forScope /Yu"stdafx.h" /Fp"Debug\HostApp.pch" /Fo"Debug\\" /Fd"Debug\vc110.pdb" /Gd /TP /analyze- /errorReport:prompt HostApp.cpp
  HostApp.cpp
p:\limetednumbapp\limetednumbapp.h(22): warning C4251: 'Climetednumbapp::pid' : class 'std::basic_string<_Elem,_Traits,_Alloc>' needs to have dll-interface to be used by clients of class 'Climetednumbapp'
          with
          [
              _Elem=wchar_t,
              _Traits=std::char_traits<wchar_t>,
              _Alloc=std::allocator<wchar_t>
          ]
ResourceCompile:
  C:\Program Files (x86)\Windows Kits\8.0\bin\x86\rc.exe /D _UNICODE /D UNICODE /l"0x0409" /nologo /fo"Debug\HostApp.res" HostApp.rc 
Link:
  C:\Program Files (x86)\Microsoft Visual Studio 11.0\VC\bin\link.exe /ERRORREPORT:PROMPT /OUT:"P:\limetednumbapp\Debug\HostApp.exe" /INCREMENTAL /NOLOGO kernel32.lib user32.lib gdi32.lib winspool.lib comdlg32.lib advapi32.lib shell32.lib ole32.lib oleaut32.lib uuid.lib odbc32.lib odbccp32.lib /MANIFEST /MANIFESTUAC:"level='asInvoker' uiAccess='false'" /manifest:embed /DEBUG /PDB:"P:\limetednumbapp\Debug\HostApp.pdb" /SUBSYSTEM:WINDOWS /TLBID:1 /DYNAMICBASE /NXCOMPAT /IMPLIB:"P:\limetednumbapp\Debug\HostApp.lib" /MACHINE:X86 Debug\HostApp.res
  Debug\HostApp.obj
  Debug\stdafx.obj
  P:\limetednumbapp\Debug\limetednumbapp.lib
  HostApp.vcxproj -> P:\limetednumbapp\Debug\HostApp.exe
Done Building Project "P:\HostApp\HostApp\HostApp.vcxproj" (Build target(s)).

Build succeeded.

Time Elapsed 00:00:14.94
