D:\PROGECTS\CPROJECT\HOSTAPP\HOSTAPP\DEBUG\HOSTAPP.PCH
D:\PROGECTS\CPROJECT\HOSTAPP\HOSTAPP\DEBUG\STDAFX.OBJ
D:\PROGECTS\CPROJECT\HOSTAPP\HOSTAPP\DEBUG\VC110.PDB
D:\PROGECTS\CPROJECT\HOSTAPP\HOSTAPP\DEBUG\HOSTAPP.OBJ
D:\PROGECTS\CPROJECT\LIMETEDNUMBAPP\DEBUG\HOSTAPP.ILK
D:\PROGECTS\CPROJECT\LIMETEDNUMBAPP\DEBUG\HOSTAPP.EXE
D:\PROGECTS\CPROJECT\LIMETEDNUMBAPP\DEBUG\HOSTAPP.PDB
D:\PROGECTS\CPROJECT\HOSTAPP\HOSTAPP\DEBUG\HOSTAPP.RES
D:\progects\cproject\HostApp\HostApp\Debug\HostApp.vcxprojResolveAssemblyReference.cache
D:\progects\cproject\HostApp\HostApp\Debug\HostApp.obj
D:\progects\cproject\HostApp\HostApp\Debug\stdafx.obj
D:\progects\cproject\HostApp\HostApp\Debug\cl.command.1.tlog
D:\progects\cproject\HostApp\HostApp\Debug\CL.read.1.tlog
D:\progects\cproject\HostApp\HostApp\Debug\CL.write.1.tlog
D:\progects\cproject\HostApp\HostApp\Debug\link-cvtres.read.1.tlog
D:\progects\cproject\HostApp\HostApp\Debug\link-cvtres.write.1.tlog
D:\progects\cproject\HostApp\HostApp\Debug\link-rc.read.1.tlog
D:\progects\cproject\HostApp\HostApp\Debug\link-rc.write.1.tlog
D:\progects\cproject\HostApp\HostApp\Debug\link.command.1.tlog
D:\progects\cproject\HostApp\HostApp\Debug\link.read.1.tlog
D:\progects\cproject\HostApp\HostApp\Debug\link.write.1.tlog
D:\progects\cproject\HostApp\HostApp\Debug\rc.command.1.tlog
D:\progects\cproject\HostApp\HostApp\Debug\rc.read.1.tlog
D:\progects\cproject\HostApp\HostApp\Debug\rc.write.1.tlog
D:\progects\cproject\HostApp\HostApp\Debug\HostApp.res
D:\progects\cproject\HostApp\HostApp\Debug\HostApp.pch
D:\progects\cproject\HostApp\HostApp\Debug\vc110.idb
D:\progects\cproject\HostApp\HostApp\Debug\vc110.pdb
D:\progects\cproject\limetednumbapp\Debug\HostApp.pdb
D:\progects\cproject\limetednumbapp\Debug\HostApp.exe
D:\progects\cproject\limetednumbapp\Debug\HostApp.ilk
