Build started 27.11.2016 20:44:16.
Project "P:\limetednumbapp\limetednumbapp.vcxproj" on node 2 (Build target(s)).
ClCompile:
  C:\Program Files (x86)\Microsoft Visual Studio 11.0\VC\bin\CL.exe /c /ZI /nologo /W3 /WX- /sdl /Od /Oy- /D _CRT_SECURE_NO_WARNINGS /D WIN32 /D _DEBUG /D _WINDOWS /D _USRDLL /D LIMETEDNUMBAPP_EXPORTS /D _WINDLL /D _UNICODE /D UNICODE /Gm /EHsc /RTC1 /MDd /GS /fp:precise /Zc:wchar_t- /Zc:forScope /Yc"stdafx.h" /Fp"Debug\limetednumbapp.pch" /Fo"Debug\\" /Fd"Debug\vc110.pdb" /Gd /TP /analyze- /errorReport:prompt stdafx.cpp
  stdafx.cpp
  C:\Program Files (x86)\Microsoft Visual Studio 11.0\VC\bin\CL.exe /c /ZI /nologo /W3 /WX- /sdl /Od /Oy- /D _CRT_SECURE_NO_WARNINGS /D WIN32 /D _DEBUG /D _WINDOWS /D _USRDLL /D LIMETEDNUMBAPP_EXPORTS /D _WINDLL /D _UNICODE /D UNICODE /Gm /EHsc /RTC1 /MDd /GS /fp:precise /Zc:wchar_t- /Zc:forScope /Fo"Debug\\" /Fd"Debug\vc110.pdb" /Gd /TP /analyze- /errorReport:prompt dllmain.cpp
  dllmain.cpp
p:\limetednumbapp\limetednumbapp.h(22): warning C4251: 'Climetednumbapp::pid' : class 'std::basic_string<_Elem,_Traits,_Alloc>' needs to have dll-interface to be used by clients of class 'Climetednumbapp'
          with
          [
              _Elem=wchar_t,
              _Traits=std::char_traits<wchar_t>,
              _Alloc=std::allocator<wchar_t>
          ]
  C:\Program Files (x86)\Microsoft Visual Studio 11.0\VC\bin\CL.exe /c /ZI /nologo /W3 /WX- /sdl /Od /Oy- /D _CRT_SECURE_NO_WARNINGS /D WIN32 /D _DEBUG /D _WINDOWS /D _USRDLL /D LIMETEDNUMBAPP_EXPORTS /D _WINDLL /D _UNICODE /D UNICODE /Gm /EHsc /RTC1 /MDd /GS /fp:precise /Zc:wchar_t- /Zc:forScope /Yu"stdafx.h" /Fp"Debug\limetednumbapp.pch" /Fo"Debug\\" /Fd"Debug\vc110.pdb" /Gd /TP /analyze- /errorReport:prompt limetednumbapp.cpp
  limetednumbapp.cpp
p:\limetednumbapp\limetednumbapp.h(22): warning C4251: 'Climetednumbapp::pid' : class 'std::basic_string<_Elem,_Traits,_Alloc>' needs to have dll-interface to be used by clients of class 'Climetednumbapp'
          with
          [
              _Elem=wchar_t,
              _Traits=std::char_traits<wchar_t>,
              _Alloc=std::allocator<wchar_t>
          ]
Link:
  C:\Program Files (x86)\Microsoft Visual Studio 11.0\VC\bin\link.exe /ERRORREPORT:PROMPT /OUT:"P:\limetednumbapp\Debug\limetednumbapp.dll" /INCREMENTAL /NOLOGO kernel32.lib user32.lib gdi32.lib winspool.lib comdlg32.lib advapi32.lib shell32.lib ole32.lib oleaut32.lib uuid.lib odbc32.lib odbccp32.lib /MANIFEST /MANIFESTUAC:"level='asInvoker' uiAccess='false'" /manifest:embed /DEBUG /PDB:"P:\limetednumbapp\Debug\limetednumbapp.pdb" /SUBSYSTEM:WINDOWS /TLBID:1 /DYNAMICBASE /NXCOMPAT /IMPLIB:"P:\limetednumbapp\Debug\limetednumbapp.lib" /MACHINE:X86 /DLL Debug\dllmain.obj
  Debug\limetednumbapp.obj
  Debug\stdafx.obj
     Creating library P:\limetednumbapp\Debug\limetednumbapp.lib and object P:\limetednumbapp\Debug\limetednumbapp.exp
  limetednumbapp.vcxproj -> P:\limetednumbapp\Debug\limetednumbapp.dll
Done Building Project "P:\limetednumbapp\limetednumbapp.vcxproj" (Build target(s)).

Build succeeded.

Time Elapsed 00:01:22.75
